<?xml version="1.0" encoding="UTF-8"?>
<!-- Generated by org.testng.reporters.JUnitXMLReporter -->
<testsuite ignored="2" hostname="DESKTOP-R9TKNVI" failures="0" tests="4" name="car loan" time="0.162" errors="0" timestamp="2025-03-14T11:15:24 PKT">
  <testcase classname="first.fisttest" name="testgroup" time="0.02"/>
  <testcase classname="first.fisttest" name="first" time="0.009"/>
  <testcase classname="first.fisttest" name="dependentOnMethod" time="0.003"/>
  <testcase classname="first.fisttest" name="first1" time="0.002"/>
  <testcase classname="first.fisttest" name="disableTest" time="0.0">
    <ignored/>
  </testcase> <!-- disableTest -->
  <testcase classname="first.fisttest" name="first2" time="0.0">
    <ignored/>
  </testcase> <!-- first2 -->
</testsuite> <!-- car loan -->
