<?xml version="1.0" encoding="UTF-8"?>
<!-- Generated by org.testng.reporters.JUnitXMLReporter -->
<testsuite ignored="0" hostname="DESKTOP-R9TKNVI" failures="0" tests="6" name="Test2" time="0.163" errors="0" timestamp="2025-03-13T12:34:44 PKT">
  <testcase classname="first.fisttest" name="testgroup" time="0.012"/>
  <testcase classname="first.fisttest" name="first" time="0.004"/>
  <testcase classname="first.fisttest" name="first2" time="0.005"/>
  <testcase classname="first.fisttest" name="first1" time="0.006"/>
  <testcase classname="first.NewTest" name="f" time="0.003"/>
  <testcase classname="first.second" name="secondM" time="0.008"/>
</testsuite> <!-- Test2 -->
