<?xml version="1.0" encoding="UTF-8"?>
<!-- Generated by org.testng.reporters.JUnitXMLReporter -->
<testsuite ignored="1" hostname="DESKTOP-R9TKNVI" failures="0" tests="10" name="Test" time="0.283" errors="0" timestamp="2025-03-14T11:15:24 PKT">
  <testcase classname="first.NewTest" name="f" time="0.024"/>
  <testcase classname="first.second" name="setdata" time="0.023"/>
  <testcase classname="first.second" name="setdata" time="0.003"/>
  <testcase classname="first.second" name="setdata" time="0.004"/>
  <testcase classname="first.fisttest" name="testgroup" time="0.002"/>
  <testcase classname="first.fisttest" name="first" time="0.003"/>
  <testcase classname="first.fisttest" name="dependentOnMethod" time="0.025"/>
  <testcase classname="first.fisttest" name="first2" time="0.007"/>
  <testcase classname="first.second" name="secondM" time="0.003"/>
  <testcase classname="first.fisttest" name="first1" time="0.001"/>
  <testcase classname="first.fisttest" name="disableTest" time="0.0">
    <ignored/>
  </testcase> <!-- disableTest -->
</testsuite> <!-- Test -->
