<?xml version="1.0" encoding="UTF-8"?>
<!-- Generated by org.testng.reporters.JUnitXMLReporter -->
<testsuite ignored="0" hostname="DESKTOP-R9TKNVI" failures="0" tests="4" name="Default test" time="0.114" errors="0" timestamp="2025-03-14T10:30:17 PKT">
  <testcase classname="first.second" name="setdata" time="0.017"/>
  <testcase classname="first.second" name="setdata" time="0.002"/>
  <testcase classname="first.second" name="setdata" time="0.003"/>
  <testcase classname="first.second" name="secondM" time="0.005"/>
</testsuite> <!-- Default test -->
