<?xml version="1.0" encoding="UTF-8"?>
<!-- Generated by org.testng.reporters.JUnitXMLReporter -->
<testsuite ignored="0" hostname="DESKTOP-R9TKNVI" failures="0" tests="4" name="invalid credintions to login " time="218.633" errors="0" timestamp="2025-03-06T09:26:40 PKT">
  <testcase classname="shehryarwork.SeleniumFramework.E2ETesting" name="ProductAddToCart" time="40.692"/>
  <testcase classname="shehryarwork.SeleniumFramework.E2ETesting" name="ProductAddToCart" time="51.474"/>
  <testcase classname="shehryarwork.SeleniumFramework.E2ETesting" name="mainTest" time="36.406"/>
  <testcase classname="shehryarwork.SeleniumFramework.E2ETesting" name="mainTest" time="41.528"/>
</testsuite> <!-- invalid credintions to login  -->
